<?xml version="1.0" encoding="UTF-8"?>
<testng-results ignored="0" total="1" passed="1" failed="0" skipped="0">
  <reporter-output>
  </reporter-output>
  <suite started-at="2024-03-28T10:09:58 IST" name="Surefire suite" finished-at="2024-03-28T10:10:05 IST" duration-ms="7033">
    <groups>
    </groups>
    <test started-at="2024-03-28T10:09:58 IST" name="Surefire test" finished-at="2024-03-28T10:10:05 IST" duration-ms="7033">
      <class name="test.TestNG">
        <test-method is-config="true" signature="setUp()[pri:0, instance:test.TestNG@1a04f701]" started-at="2024-03-28T10:09:58 IST" name="setUp" finished-at="2024-03-28T10:10:01 IST" duration-ms="2785" status="PASS">
          <reporter-output>
          </reporter-output>
        </test-method> <!-- setUp -->
        <test-method signature="amazonSearchTest()[pri:0, instance:test.TestNG@1a04f701]" started-at="2024-03-28T10:10:01 IST" name="amazonSearchTest" finished-at="2024-03-28T10:10:05 IST" duration-ms="4005" status="PASS">
          <reporter-output>
          </reporter-output>
        </test-method> <!-- amazonSearchTest -->
        <test-method is-config="true" signature="tearDown()[pri:0, instance:test.TestNG@1a04f701]" started-at="2024-03-28T10:10:05 IST" name="tearDown" finished-at="2024-03-28T10:10:05 IST" duration-ms="203" status="PASS">
          <reporter-output>
          </reporter-output>
        </test-method> <!-- tearDown -->
      </class> <!-- test.TestNG -->
    </test> <!-- Surefire test -->
  </suite> <!-- Surefire suite -->
</testng-results>
